<?xml version="1.0" encoding="UTF-8"?>
<testsuite name="hotelproject.AppTest" tests="1" skipped="0" failures="0" errors="0" timestamp="2021-05-22T09:46:25" hostname="isak-UX430UNR" time="0.001">
  <properties/>
  <testcase name="testAppHasAGreeting" classname="hotelproject.AppTest" time="0.001"/>
  <system-out><![CDATA[]]></system-out>
  <system-err><![CDATA[]]></system-err>
</testsuite>
